nohup: appending output to 'nohup.out'
nohup: appending output to 'nohup.out'
nohup: appending output to 'nohup.out'
nohup: appending output to ‘nohup.out’
Browserslist: caniuse-lite is outdated. Please run:
  npx browserslist@latest --update-db
  Why you should do it regularly: https://github.com/browserslist/browserslist#browsers-data-updating
nohup: appending output to ‘nohup.out’
Browserslist: caniuse-lite is outdated. Please run:
  npx browserslist@latest --update-db
  Why you should do it regularly: https://github.com/browserslist/browserslist#browsers-data-updating
nohup: appending output to ‘nohup.out’
Browserslist: caniuse-lite is outdated. Please run:
  npx browserslist@latest --update-db
  Why you should do it regularly: https://github.com/browserslist/browserslist#browsers-data-updating
nohup: appending output to ‘nohup.out’
nohup: appending output to ‘nohup.out’
Browserslist: caniuse-lite is outdated. Please run:
  npx browserslist@latest --update-db
  Why you should do it regularly: https://github.com/browserslist/browserslist#browsers-data-updating
nohup: appending output to ‘nohup.out’
Browserslist: caniuse-lite is outdated. Please run:
  npx browserslist@latest --update-db
  Why you should do it regularly: https://github.com/browserslist/browserslist#browsers-data-updating
nohup: appending output to ‘nohup.out’
nohup: appending output to ‘nohup.out’
