yarn run v1.22.19
$ react-scripts start
[34mℹ[39m [90m｢wds｣[39m: Project is running at http://0.0.0.0:3000/
[34mℹ[39m [90m｢wds｣[39m: webpack output is served from 
[34mℹ[39m [90m｢wds｣[39m: Content not from webpack is served from /root/omnibridge-ui/packages/dapp/public
[34mℹ[39m [90m｢wds｣[39m: 404s will fallback to /
Starting the development server...

Compiled with warnings.

src/components/common/Footer.jsx
  Line 1:1:   Run autofix to sort these imports!           simple-import-sort/imports
  Line 3:10:  'GithubIcon' is defined but never used       no-unused-vars
  Line 4:10:  'GnosisChainIcon' is defined but never used  no-unused-vars

src/hooks/useTokenDisabled.jsx
  Line 1:1:  Run autofix to sort these imports!  simple-import-sort/imports

src/lib/helpers.js
  Line 1:1:  Run autofix to sort these imports!  simple-import-sort/imports

src/lib/networks.js
  Line 1:1:   Run autofix to sort these imports!  simple-import-sort/imports
  Line 12:1:  Run autofix to sort these exports!  simple-import-sort/exports

src/lib/overrides.js
  Line 1:1:  Run autofix to sort these imports!  simple-import-sort/imports

Search for the keywords to learn more about each warning.
To ignore, add // eslint-disable-next-line to the line before.

yarn run v1.22.19
$ react-scripts start
[34mℹ[39m [90m｢wds｣[39m: Project is running at http://0.0.0.0:3000/
[34mℹ[39m [90m｢wds｣[39m: webpack output is served from 
[34mℹ[39m [90m｢wds｣[39m: Content not from webpack is served from /root/omnibridge-ui/packages/dapp/public
[34mℹ[39m [90m｢wds｣[39m: 404s will fallback to /
Starting the development server...

Compiled with warnings.

src/components/common/Footer.jsx
  Line 1:1:   Run autofix to sort these imports!           simple-import-sort/imports
  Line 3:10:  'GithubIcon' is defined but never used       no-unused-vars
  Line 4:10:  'GnosisChainIcon' is defined but never used  no-unused-vars

src/hooks/useTokenDisabled.jsx
  Line 1:1:  Run autofix to sort these imports!  simple-import-sort/imports

src/lib/helpers.js
  Line 1:1:  Run autofix to sort these imports!  simple-import-sort/imports

src/lib/networks.js
  Line 1:1:   Run autofix to sort these imports!  simple-import-sort/imports
  Line 12:1:  Run autofix to sort these exports!  simple-import-sort/exports

src/lib/overrides.js
  Line 1:1:  Run autofix to sort these imports!  simple-import-sort/imports

Search for the keywords to learn more about each warning.
To ignore, add // eslint-disable-next-line to the line before.

yarn run v1.22.19
$ react-scripts start
[34mℹ[39m [90m｢wds｣[39m: Project is running at http://0.0.0.0:3000/
[34mℹ[39m [90m｢wds｣[39m: webpack output is served from 
[34mℹ[39m [90m｢wds｣[39m: Content not from webpack is served from /root/omnibridge-ui/packages/dapp/public
[34mℹ[39m [90m｢wds｣[39m: 404s will fallback to /
Starting the development server...

Compiled with warnings.

src/components/common/Footer.jsx
  Line 1:1:   Run autofix to sort these imports!           simple-import-sort/imports
  Line 3:10:  'GithubIcon' is defined but never used       no-unused-vars
  Line 4:10:  'GnosisChainIcon' is defined but never used  no-unused-vars

src/hooks/useTokenDisabled.jsx
  Line 1:1:  Run autofix to sort these imports!  simple-import-sort/imports

src/lib/helpers.js
  Line 1:1:  Run autofix to sort these imports!  simple-import-sort/imports

src/lib/networks.js
  Line 1:1:   Run autofix to sort these imports!  simple-import-sort/imports
  Line 12:1:  Run autofix to sort these exports!  simple-import-sort/exports

src/lib/overrides.js
  Line 1:1:  Run autofix to sort these imports!  simple-import-sort/imports

Search for the keywords to learn more about each warning.
To ignore, add // eslint-disable-next-line to the line before.

yarn run v1.22.19
$ PORT=2000 react-scripts start
[34mℹ[39m [90m｢wds｣[39m: Project is running at http://0.0.0.0:2000/
[34mℹ[39m [90m｢wds｣[39m: webpack output is served from 
[34mℹ[39m [90m｢wds｣[39m: Content not from webpack is served from /root/bridge/omnibridge-ui/packages/dapp/public
[34mℹ[39m [90m｢wds｣[39m: 404s will fallback to /
Starting the development server...

Compiled with warnings.

src/components/common/Footer.jsx
  Line 1:1:   Run autofix to sort these imports!           simple-import-sort/imports
  Line 3:10:  'GithubIcon' is defined but never used       no-unused-vars
  Line 4:10:  'GnosisChainIcon' is defined but never used  no-unused-vars

src/hooks/useTokenDisabled.jsx
  Line 1:1:  Run autofix to sort these imports!  simple-import-sort/imports

src/lib/helpers.js
  Line 1:1:  Run autofix to sort these imports!  simple-import-sort/imports

src/lib/networks.js
  Line 1:1:   Run autofix to sort these imports!  simple-import-sort/imports
  Line 11:1:  Run autofix to sort these exports!  simple-import-sort/exports

src/lib/overrides.js
  Line 1:1:  Run autofix to sort these imports!  simple-import-sort/imports

Search for the keywords to learn more about each warning.
To ignore, add // eslint-disable-next-line to the line before.

Compiling...
Failed to compile.

./src/components/common/Footer.jsx
Module not found: Can't resolve 'icons/BiticaBridgeIcon' in '/root/bridge/omnibridge-ui/packages/dapp/src/components/common'
Compiling...
Failed to compile.

./src/components/common/Footer.jsx
Module not found: Can't resolve 'icons/BiticaBridgeIcon' in '/root/bridge/omnibridge-ui/packages/dapp/src/components/common'
Compiling...
Failed to compile.

src/components/common/Footer.jsx
  Line 2:34:  Unable to resolve path to module 'icons/BiticaBridgeIcon'  import/no-unresolved

Search for the keywords to learn more about each error.
Compiling...
Failed to compile.

src/components/common/Footer.jsx
  Line 2:34:  Unable to resolve path to module 'icons/BiticaBridgeIcon'  import/no-unresolved

Search for the keywords to learn more about each error.
Compiling...
Compiled with warnings.

src/components/common/Footer.jsx
  Line 1:1:   Run autofix to sort these imports!           simple-import-sort/imports
  Line 3:10:  'GithubIcon' is defined but never used       no-unused-vars
  Line 4:10:  'GnosisChainIcon' is defined but never used  no-unused-vars

src/hooks/useTokenDisabled.jsx
  Line 1:1:  Run autofix to sort these imports!  simple-import-sort/imports

src/lib/helpers.js
  Line 1:1:  Run autofix to sort these imports!  simple-import-sort/imports

src/lib/networks.js
  Line 1:1:   Run autofix to sort these imports!  simple-import-sort/imports
  Line 11:1:  Run autofix to sort these exports!  simple-import-sort/exports

src/lib/overrides.js
  Line 1:1:  Run autofix to sort these imports!  simple-import-sort/imports

Search for the keywords to learn more about each warning.
To ignore, add // eslint-disable-next-line to the line before.

Failed to compile.

./src/icons/BiticaBridgeIcon.jsx
Error: ENOENT: no such file or directory, open '/root/bridge/omnibridge-ui/packages/dapp/src/icons/BiticaBridgeIcon.jsx'
Compiling...
Compiled with warnings.

src/components/common/Footer.jsx
  Line 1:1:   Run autofix to sort these imports!           simple-import-sort/imports
  Line 3:10:  'GithubIcon' is defined but never used       no-unused-vars
  Line 4:10:  'GnosisChainIcon' is defined but never used  no-unused-vars

src/hooks/useTokenDisabled.jsx
  Line 1:1:  Run autofix to sort these imports!  simple-import-sort/imports

src/lib/helpers.js
  Line 1:1:  Run autofix to sort these imports!  simple-import-sort/imports

src/lib/networks.js
  Line 1:1:   Run autofix to sort these imports!  simple-import-sort/imports
  Line 11:1:  Run autofix to sort these exports!  simple-import-sort/exports

src/lib/overrides.js
  Line 1:1:  Run autofix to sort these imports!  simple-import-sort/imports

Search for the keywords to learn more about each warning.
To ignore, add // eslint-disable-next-line to the line before.

Compiling...
Compiled with warnings.

src/components/common/Footer.jsx
  Line 1:1:   Run autofix to sort these imports!           simple-import-sort/imports
  Line 3:10:  'GithubIcon' is defined but never used       no-unused-vars
  Line 4:10:  'GnosisChainIcon' is defined but never used  no-unused-vars

src/hooks/useTokenDisabled.jsx
  Line 1:1:  Run autofix to sort these imports!  simple-import-sort/imports

src/lib/helpers.js
  Line 1:1:  Run autofix to sort these imports!  simple-import-sort/imports

src/lib/networks.js
  Line 1:1:   Run autofix to sort these imports!  simple-import-sort/imports
  Line 11:1:  Run autofix to sort these exports!  simple-import-sort/exports

src/lib/overrides.js
  Line 1:1:  Run autofix to sort these imports!  simple-import-sort/imports

Search for the keywords to learn more about each warning.
To ignore, add // eslint-disable-next-line to the line before.

Compiling...
Compiled with warnings.

src/components/common/Footer.jsx
  Line 1:1:   Run autofix to sort these imports!           simple-import-sort/imports
  Line 3:10:  'GithubIcon' is defined but never used       no-unused-vars
  Line 4:10:  'GnosisChainIcon' is defined but never used  no-unused-vars

src/hooks/useTokenDisabled.jsx
  Line 1:1:  Run autofix to sort these imports!  simple-import-sort/imports

src/lib/helpers.js
  Line 1:1:  Run autofix to sort these imports!  simple-import-sort/imports

src/lib/networks.js
  Line 1:1:   Run autofix to sort these imports!  simple-import-sort/imports
  Line 11:1:  Run autofix to sort these exports!  simple-import-sort/exports

src/lib/overrides.js
  Line 1:1:  Run autofix to sort these imports!  simple-import-sort/imports

Search for the keywords to learn more about each warning.
To ignore, add // eslint-disable-next-line to the line before.

Compiling...
Compiled with warnings.

src/components/common/Footer.jsx
  Line 1:1:   Run autofix to sort these imports!           simple-import-sort/imports
  Line 3:10:  'GithubIcon' is defined but never used       no-unused-vars
  Line 4:10:  'GnosisChainIcon' is defined but never used  no-unused-vars

src/hooks/useTokenDisabled.jsx
  Line 1:1:  Run autofix to sort these imports!  simple-import-sort/imports

src/lib/helpers.js
  Line 1:1:  Run autofix to sort these imports!  simple-import-sort/imports

src/lib/networks.js
  Line 1:1:   Run autofix to sort these imports!  simple-import-sort/imports
  Line 11:1:  Run autofix to sort these exports!  simple-import-sort/exports

src/lib/overrides.js
  Line 1:1:  Run autofix to sort these imports!  simple-import-sort/imports

Search for the keywords to learn more about each warning.
To ignore, add // eslint-disable-next-line to the line before.

Done in 136422.64s.
yarn run v1.22.19
$ PORT=2000 react-scripts start
[34mℹ[39m [90m｢wds｣[39m: Project is running at http://0.0.0.0:2000/
[34mℹ[39m [90m｢wds｣[39m: webpack output is served from 
[34mℹ[39m [90m｢wds｣[39m: Content not from webpack is served from /root/bridge/omnibridge-ui/packages/dapp/public
[34mℹ[39m [90m｢wds｣[39m: 404s will fallback to /
Starting the development server...

Compiled with warnings.

src/components/common/Footer.jsx
  Line 1:1:   Run autofix to sort these imports!           simple-import-sort/imports
  Line 3:10:  'GithubIcon' is defined but never used       no-unused-vars
  Line 4:10:  'GnosisChainIcon' is defined but never used  no-unused-vars

src/hooks/useTokenDisabled.jsx
  Line 1:1:  Run autofix to sort these imports!  simple-import-sort/imports

src/lib/helpers.js
  Line 1:1:  Run autofix to sort these imports!  simple-import-sort/imports

src/lib/networks.js
  Line 1:1:   Run autofix to sort these imports!  simple-import-sort/imports
  Line 11:1:  Run autofix to sort these exports!  simple-import-sort/exports

src/lib/overrides.js
  Line 1:1:  Run autofix to sort these imports!  simple-import-sort/imports

Search for the keywords to learn more about each warning.
To ignore, add // eslint-disable-next-line to the line before.

Compiling...
Compiled with warnings.

src/components/common/Footer.jsx
  Line 1:1:   Run autofix to sort these imports!           simple-import-sort/imports
  Line 3:10:  'GithubIcon' is defined but never used       no-unused-vars
  Line 4:10:  'GnosisChainIcon' is defined but never used  no-unused-vars

src/hooks/useTokenDisabled.jsx
  Line 1:1:  Run autofix to sort these imports!  simple-import-sort/imports

src/lib/helpers.js
  Line 1:1:  Run autofix to sort these imports!  simple-import-sort/imports

src/lib/networks.js
  Line 1:1:   Run autofix to sort these imports!  simple-import-sort/imports
  Line 11:1:  Run autofix to sort these exports!  simple-import-sort/exports

src/lib/overrides.js
  Line 1:1:  Run autofix to sort these imports!  simple-import-sort/imports

Search for the keywords to learn more about each warning.
To ignore, add // eslint-disable-next-line to the line before.

Compiling...
Compiled with warnings.

src/components/common/Footer.jsx
  Line 1:1:   Run autofix to sort these imports!           simple-import-sort/imports
  Line 3:10:  'GithubIcon' is defined but never used       no-unused-vars
  Line 4:10:  'GnosisChainIcon' is defined but never used  no-unused-vars

src/hooks/useTokenDisabled.jsx
  Line 1:1:  Run autofix to sort these imports!  simple-import-sort/imports

src/lib/helpers.js
  Line 1:1:  Run autofix to sort these imports!  simple-import-sort/imports

src/lib/networks.js
  Line 1:1:   Run autofix to sort these imports!  simple-import-sort/imports
  Line 11:1:  Run autofix to sort these exports!  simple-import-sort/exports

src/lib/overrides.js
  Line 1:1:  Run autofix to sort these imports!  simple-import-sort/imports

Search for the keywords to learn more about each warning.
To ignore, add // eslint-disable-next-line to the line before.

Compiling...
Compiled with warnings.

src/components/common/Footer.jsx
  Line 1:1:   Run autofix to sort these imports!           simple-import-sort/imports
  Line 3:10:  'GithubIcon' is defined but never used       no-unused-vars
  Line 4:10:  'GnosisChainIcon' is defined but never used  no-unused-vars

src/hooks/useTokenDisabled.jsx
  Line 1:1:  Run autofix to sort these imports!  simple-import-sort/imports

src/lib/helpers.js
  Line 1:1:  Run autofix to sort these imports!  simple-import-sort/imports

src/lib/networks.js
  Line 1:1:   Run autofix to sort these imports!  simple-import-sort/imports
  Line 11:1:  Run autofix to sort these exports!  simple-import-sort/exports

src/lib/overrides.js
  Line 1:1:  Run autofix to sort these imports!  simple-import-sort/imports

Search for the keywords to learn more about each warning.
To ignore, add // eslint-disable-next-line to the line before.

Compiling...
Failed to compile.

src/lib/constants.js
  Line 72:24:  Expected exception block, space or tab after '//' in comment  spaced-comment

Search for the keywords to learn more about each error.
Compiling...
Failed to compile.

src/lib/constants.js
  Line 72:24:  Expected exception block, space or tab after '//' in comment  spaced-comment

Search for the keywords to learn more about each error.
Compiling...
Failed to compile.

src/lib/constants.js
  Line 72:24:  Expected exception block, space or tab after '//' in comment  spaced-comment

Search for the keywords to learn more about each error.
Compiling...
Failed to compile.

src/lib/constants.js
  Line 72:24:  Expected exception block, space or tab after '//' in comment  spaced-comment

Search for the keywords to learn more about each error.
Compiling...
Failed to compile.

src/lib/constants.js
  Line 72:24:  Expected exception block, space or tab after '//' in comment  spaced-comment

src/lib/helpers.js
  Line 18:3:  ETH_BITICA_BRIDGE not found in 'lib/networks'  import/named

Search for the keywords to learn more about each error.
Compiling...
Failed to compile.

src/lib/constants.js
  Line 72:24:  Expected exception block, space or tab after '//' in comment  spaced-comment

src/lib/helpers.js
  Line 18:3:  ETH_BITICA_BRIDGE not found in 'lib/networks'  import/named

Search for the keywords to learn more about each error.
Compiling...
Failed to compile.

src/lib/constants.js
  Line 72:24:  Expected exception block, space or tab after '//' in comment  spaced-comment

src/lib/helpers.js
  Line 18:3:  ETH_BITICA_BRIDGE not found in 'lib/networks'  import/named

Search for the keywords to learn more about each error.
Compiling...
Failed to compile.

src/lib/constants.js
  Line 72:24:  Expected exception block, space or tab after '//' in comment  spaced-comment

src/lib/helpers.js
  Line 18:3:  ETH_BITICA_BRIDGE not found in 'lib/networks'  import/named

Search for the keywords to learn more about each error.
Compiling...
Failed to compile.

src/lib/constants.js
  Line 72:24:  Expected exception block, space or tab after '//' in comment  spaced-comment

src/lib/helpers.js
  Line 18:3:  ETH_BITICA_BRIDGE not found in 'lib/networks'  import/named

Search for the keywords to learn more about each error.
Compiling...
Failed to compile.

src/lib/constants.js
  Line 72:24:  Expected exception block, space or tab after '//' in comment  spaced-comment

src/lib/helpers.js
  Line 18:3:  ETH_BITICA_BRIDGE not found in 'lib/networks'  import/named

Search for the keywords to learn more about each error.
Compiling...
Failed to compile.

src/lib/constants.js
  Line 72:24:  Expected exception block, space or tab after '//' in comment  spaced-comment

src/lib/helpers.js
  Line 18:3:  ETH_BITICA_BRIDGE not found in 'lib/networks'  import/named

Search for the keywords to learn more about each error.
Compiling...
Failed to compile.

src/lib/constants.js
  Line 72:66:  Expected exception block, space or tab after '//' in comment  spaced-comment

src/lib/helpers.js
  Line 18:3:  ETH_BITICA_BRIDGE not found in 'lib/networks'  import/named

Search for the keywords to learn more about each error.
Compiling...
Failed to compile.

src/lib/constants.js
  Line 72:66:  Expected exception block, space or tab after '//' in comment  spaced-comment

src/lib/helpers.js
  Line 18:3:  ETH_BITICA_BRIDGE not found in 'lib/networks'  import/named

Search for the keywords to learn more about each error.
Compiling...
Failed to compile.

src/lib/constants.js
  Line 72:66:  Expected exception block, space or tab after '//' in comment  spaced-comment

src/lib/helpers.js
  Line 18:3:  ETH_BITICA_BRIDGE not found in 'lib/networks'  import/named

Search for the keywords to learn more about each error.
Compiling...
Failed to compile.

src/lib/constants.js
  Line 72:66:  Expected exception block, space or tab after '//' in comment  spaced-comment

src/lib/helpers.js
  Line 18:3:  ETH_BITICA_BRIDGE not found in 'lib/networks'  import/named

Search for the keywords to learn more about each error.
Compiling...
Failed to compile.

src/lib/constants.js
  Line 72:66:  Expected exception block, space or tab after '//' in comment  spaced-comment

Search for the keywords to learn more about each error.
Compiling...
Failed to compile.

src/lib/constants.js
  Line 72:66:  Expected exception block, space or tab after '//' in comment  spaced-comment

src/lib/helpers.js
  Line 199:24:  'MAINNET_RPC_URL' is not defined  no-undef

Search for the keywords to learn more about each error.
Compiling...
Failed to compile.

src/lib/constants.js
  Line 72:66:  Expected exception block, space or tab after '//' in comment  spaced-comment

src/lib/helpers.js
  Line 199:24:  'MAINNET_RPC_URL' is not defined  no-undef

Search for the keywords to learn more about each error.
Compiling...
Failed to compile.

src/lib/constants.js
  Line 72:66:  Expected exception block, space or tab after '//' in comment  spaced-comment

src/lib/helpers.js
  Line 199:24:  'MAINNET_RPC_URL' is not defined  no-undef

Search for the keywords to learn more about each error.
Compiling...
Failed to compile.

src/lib/constants.js
  Line 72:66:  Expected exception block, space or tab after '//' in comment  spaced-comment

Search for the keywords to learn more about each error.
Compiling...
Failed to compile.

src/lib/constants.js
  Line 72:66:  Expected exception block, space or tab after '//' in comment  spaced-comment

Search for the keywords to learn more about each error.
Compiling...
Failed to compile.

src/lib/constants.js
  Line 72:66:  Expected exception block, space or tab after '//' in comment  spaced-comment

Search for the keywords to learn more about each error.
Compiling...
Failed to compile.

src/lib/constants.js
  Line 72:66:  Expected exception block, space or tab after '//' in comment  spaced-comment

Search for the keywords to learn more about each error.
Compiling...
Failed to compile.

src/lib/constants.js
  Line 72:66:  Expected exception block, space or tab after '//' in comment  spaced-comment

Search for the keywords to learn more about each error.
Compiling...
Failed to compile.

src/lib/constants.js
  Line 72:66:  Expected exception block, space or tab after '//' in comment  spaced-comment

src/lib/networks.js
Syntax error: Unterminated string constant. (271:13)

  269 |       chainId: 1,
  270 |       symbol: 'WETH',
> 271 |       name: 'Wrapped Ether from ETH
      |             ^
  272 |       ',
  273 |     },
  274 |     56: {

Search for the keywords to learn more about each error.
Compiling...
Failed to compile.

src/lib/constants.js
  Line 72:66:  Expected exception block, space or tab after '//' in comment  spaced-comment

Search for the keywords to learn more about each error.
Compiling...
Failed to compile.

src/lib/constants.js
  Line 72:66:  Expected exception block, space or tab after '//' in comment  spaced-comment

Search for the keywords to learn more about each error.
Compiling...
Failed to compile.

src/lib/constants.js
  Line 72:66:  Expected exception block, space or tab after '//' in comment  spaced-comment

Search for the keywords to learn more about each error.
Compiling...
Failed to compile.

src/lib/constants.js
  Line 72:66:  Expected exception block, space or tab after '//' in comment  spaced-comment

src/lib/networks.js
  Line 261:16:  'WETH' is not defined  no-undef

Search for the keywords to learn more about each error.
Compiling...
Failed to compile.

src/lib/constants.js
  Line 72:66:  Expected exception block, space or tab after '//' in comment  spaced-comment

src/lib/networks.js
  Line 261:16:  'WETH' is not defined  no-undef

Search for the keywords to learn more about each error.
Compiling...
Failed to compile.

src/lib/constants.js
  Line 72:66:  Expected exception block, space or tab after '//' in comment  spaced-comment

src/lib/networks.js
  Line 261:16:  'WETH' is not defined  no-undef

Search for the keywords to learn more about each error.
Compiling...
Failed to compile.

src/lib/constants.js
  Line 72:66:  Expected exception block, space or tab after '//' in comment  spaced-comment

src/lib/networks.js
  Line 210:16:  'WETH' is not defined  no-undef

Search for the keywords to learn more about each error.
Compiling...
Failed to compile.

src/lib/constants.js
  Line 72:66:  Expected exception block, space or tab after '//' in comment  spaced-comment

src/lib/networks.js
  Line 97:16:  'WETH' is not defined  no-undef

Search for the keywords to learn more about each error.
Compiling...
Failed to compile.

src/lib/constants.js
  Line 72:66:  Expected exception block, space or tab after '//' in comment  spaced-comment

Search for the keywords to learn more about each error.
Compiling...
Failed to compile.

src/lib/constants.js
  Line 72:66:  Expected exception block, space or tab after '//' in comment  spaced-comment

Search for the keywords to learn more about each error.
Compiling...
Failed to compile.

src/lib/constants.js
  Line 72:66:  Expected exception block, space or tab after '//' in comment  spaced-comment

Search for the keywords to learn more about each error.
Compiling...
Failed to compile.

src/lib/constants.js
  Line 72:66:  Expected exception block, space or tab after '//' in comment  spaced-comment

Search for the keywords to learn more about each error.
Compiling...
Compiled with warnings.

src/components/common/Footer.jsx
  Line 1:1:   Run autofix to sort these imports!           simple-import-sort/imports
  Line 3:10:  'GithubIcon' is defined but never used       no-unused-vars
  Line 4:10:  'GnosisChainIcon' is defined but never used  no-unused-vars

src/hooks/useTokenDisabled.jsx
  Line 1:1:  Run autofix to sort these imports!  simple-import-sort/imports

src/lib/helpers.js
  Line 1:1:  Run autofix to sort these imports!  simple-import-sort/imports

src/lib/networks.js
  Line 1:1:   Run autofix to sort these imports!  simple-import-sort/imports
  Line 12:1:  Run autofix to sort these exports!  simple-import-sort/exports

src/lib/overrides.js
  Line 1:1:  Run autofix to sort these imports!  simple-import-sort/imports

Search for the keywords to learn more about each warning.
To ignore, add // eslint-disable-next-line to the line before.

Done in 602649.21s.
yarn run v1.22.19
$ PORT=2000 react-scripts start
[34mℹ[39m [90m｢wds｣[39m: Project is running at http://0.0.0.0:2000/
[34mℹ[39m [90m｢wds｣[39m: webpack output is served from 
[34mℹ[39m [90m｢wds｣[39m: Content not from webpack is served from /root/bridge/omnibridge-ui/packages/dapp/public
[34mℹ[39m [90m｢wds｣[39m: 404s will fallback to /
Starting the development server...

Compiled with warnings.

src/components/common/Footer.jsx
  Line 1:1:   Run autofix to sort these imports!           simple-import-sort/imports
  Line 3:10:  'GithubIcon' is defined but never used       no-unused-vars
  Line 4:10:  'GnosisChainIcon' is defined but never used  no-unused-vars

src/hooks/useTokenDisabled.jsx
  Line 1:1:  Run autofix to sort these imports!  simple-import-sort/imports

src/lib/helpers.js
  Line 1:1:  Run autofix to sort these imports!  simple-import-sort/imports

src/lib/networks.js
  Line 1:1:   Run autofix to sort these imports!  simple-import-sort/imports
  Line 12:1:  Run autofix to sort these exports!  simple-import-sort/exports

src/lib/overrides.js
  Line 1:1:  Run autofix to sort these imports!  simple-import-sort/imports

Search for the keywords to learn more about each warning.
To ignore, add // eslint-disable-next-line to the line before.

Compiling...
Compiled with warnings.

src/components/common/Footer.jsx
  Line 1:1:   Run autofix to sort these imports!           simple-import-sort/imports
  Line 3:10:  'GithubIcon' is defined but never used       no-unused-vars
  Line 4:10:  'GnosisChainIcon' is defined but never used  no-unused-vars

src/hooks/useTokenDisabled.jsx
  Line 1:1:  Run autofix to sort these imports!  simple-import-sort/imports

src/lib/helpers.js
  Line 1:1:  Run autofix to sort these imports!  simple-import-sort/imports

src/lib/networks.js
  Line 1:1:   Run autofix to sort these imports!  simple-import-sort/imports
  Line 12:1:  Run autofix to sort these exports!  simple-import-sort/exports

src/lib/overrides.js
  Line 1:1:  Run autofix to sort these imports!  simple-import-sort/imports

Search for the keywords to learn more about each warning.
To ignore, add // eslint-disable-next-line to the line before.

Compiling...
Compiled with warnings.

src/components/common/Footer.jsx
  Line 1:1:   Run autofix to sort these imports!           simple-import-sort/imports
  Line 3:10:  'GithubIcon' is defined but never used       no-unused-vars
  Line 4:10:  'GnosisChainIcon' is defined but never used  no-unused-vars

src/hooks/useTokenDisabled.jsx
  Line 1:1:  Run autofix to sort these imports!  simple-import-sort/imports

src/lib/helpers.js
  Line 1:1:  Run autofix to sort these imports!  simple-import-sort/imports

src/lib/networks.js
  Line 1:1:   Run autofix to sort these imports!  simple-import-sort/imports
  Line 12:1:  Run autofix to sort these exports!  simple-import-sort/exports

src/lib/overrides.js
  Line 1:1:  Run autofix to sort these imports!  simple-import-sort/imports

Search for the keywords to learn more about each warning.
To ignore, add // eslint-disable-next-line to the line before.

Compiling...
Compiled with warnings.

src/components/common/Footer.jsx
  Line 1:1:   Run autofix to sort these imports!           simple-import-sort/imports
  Line 3:10:  'GithubIcon' is defined but never used       no-unused-vars
  Line 4:10:  'GnosisChainIcon' is defined but never used  no-unused-vars

src/hooks/useTokenDisabled.jsx
  Line 1:1:  Run autofix to sort these imports!  simple-import-sort/imports

src/lib/helpers.js
  Line 1:1:  Run autofix to sort these imports!  simple-import-sort/imports

src/lib/networks.js
  Line 1:1:   Run autofix to sort these imports!  simple-import-sort/imports
  Line 12:1:  Run autofix to sort these exports!  simple-import-sort/exports

src/lib/overrides.js
  Line 1:1:  Run autofix to sort these imports!  simple-import-sort/imports

Search for the keywords to learn more about each warning.
To ignore, add // eslint-disable-next-line to the line before.

Compiling...
Compiled with warnings.

src/components/common/Footer.jsx
  Line 1:1:   Run autofix to sort these imports!           simple-import-sort/imports
  Line 3:10:  'GithubIcon' is defined but never used       no-unused-vars
  Line 4:10:  'GnosisChainIcon' is defined but never used  no-unused-vars

src/hooks/useTokenDisabled.jsx
  Line 1:1:  Run autofix to sort these imports!  simple-import-sort/imports

src/lib/helpers.js
  Line 1:1:  Run autofix to sort these imports!  simple-import-sort/imports

src/lib/networks.js
  Line 1:1:   Run autofix to sort these imports!  simple-import-sort/imports
  Line 12:1:  Run autofix to sort these exports!  simple-import-sort/exports

src/lib/overrides.js
  Line 1:1:  Run autofix to sort these imports!  simple-import-sort/imports

Search for the keywords to learn more about each warning.
To ignore, add // eslint-disable-next-line to the line before.

Compiling...
Compiled with warnings.

src/components/common/Footer.jsx
  Line 1:1:   Run autofix to sort these imports!           simple-import-sort/imports
  Line 3:10:  'GithubIcon' is defined but never used       no-unused-vars
  Line 4:10:  'GnosisChainIcon' is defined but never used  no-unused-vars

src/hooks/useTokenDisabled.jsx
  Line 1:1:  Run autofix to sort these imports!  simple-import-sort/imports

src/lib/helpers.js
  Line 1:1:  Run autofix to sort these imports!  simple-import-sort/imports

src/lib/networks.js
  Line 1:1:   Run autofix to sort these imports!  simple-import-sort/imports
  Line 12:1:  Run autofix to sort these exports!  simple-import-sort/exports

src/lib/overrides.js
  Line 1:1:  Run autofix to sort these imports!  simple-import-sort/imports

Search for the keywords to learn more about each warning.
To ignore, add // eslint-disable-next-line to the line before.

Compiling...
Compiled with warnings.

src/components/common/Footer.jsx
  Line 1:1:   Run autofix to sort these imports!           simple-import-sort/imports
  Line 3:10:  'GithubIcon' is defined but never used       no-unused-vars
  Line 4:10:  'GnosisChainIcon' is defined but never used  no-unused-vars

src/hooks/useTokenDisabled.jsx
  Line 1:1:  Run autofix to sort these imports!  simple-import-sort/imports

src/lib/helpers.js
  Line 1:1:  Run autofix to sort these imports!  simple-import-sort/imports

src/lib/networks.js
  Line 1:1:   Run autofix to sort these imports!  simple-import-sort/imports
  Line 12:1:  Run autofix to sort these exports!  simple-import-sort/exports

src/lib/overrides.js
  Line 1:1:  Run autofix to sort these imports!  simple-import-sort/imports

Search for the keywords to learn more about each warning.
To ignore, add // eslint-disable-next-line to the line before.

Done in 373760.43s.
yarn run v1.22.19
$ PORT=2000 react-scripts start
[34mℹ[39m [90m｢wds｣[39m: Project is running at http://0.0.0.0:2000/
[34mℹ[39m [90m｢wds｣[39m: webpack output is served from 
[34mℹ[39m [90m｢wds｣[39m: Content not from webpack is served from /root/bridge/omnibridge-ui/packages/dapp/public
[34mℹ[39m [90m｢wds｣[39m: 404s will fallback to /
Starting the development server...

Compiled with warnings.

src/components/common/Footer.jsx
  Line 1:1:   Run autofix to sort these imports!           simple-import-sort/imports
  Line 3:10:  'GithubIcon' is defined but never used       no-unused-vars
  Line 4:10:  'GnosisChainIcon' is defined but never used  no-unused-vars

src/hooks/useTokenDisabled.jsx
  Line 1:1:  Run autofix to sort these imports!  simple-import-sort/imports

src/lib/helpers.js
  Line 1:1:  Run autofix to sort these imports!  simple-import-sort/imports

src/lib/networks.js
  Line 1:1:   Run autofix to sort these imports!  simple-import-sort/imports
  Line 12:1:  Run autofix to sort these exports!  simple-import-sort/exports

src/lib/overrides.js
  Line 1:1:  Run autofix to sort these imports!  simple-import-sort/imports

Search for the keywords to learn more about each warning.
To ignore, add // eslint-disable-next-line to the line before.

yarn run v1.22.19
$ PORT=2000 react-scripts start
[34mℹ[39m [90m｢wds｣[39m: Project is running at http://0.0.0.0:2000/
[34mℹ[39m [90m｢wds｣[39m: webpack output is served from 
[34mℹ[39m [90m｢wds｣[39m: Content not from webpack is served from /root/bridge/omnibridge-ui/packages/dapp/public
[34mℹ[39m [90m｢wds｣[39m: 404s will fallback to /
Starting the development server...

Compiled with warnings.

src/components/common/Footer.jsx
  Line 1:1:   Run autofix to sort these imports!           simple-import-sort/imports
  Line 3:10:  'GithubIcon' is defined but never used       no-unused-vars
  Line 4:10:  'GnosisChainIcon' is defined but never used  no-unused-vars

src/hooks/useTokenDisabled.jsx
  Line 1:1:  Run autofix to sort these imports!  simple-import-sort/imports

src/lib/helpers.js
  Line 1:1:  Run autofix to sort these imports!  simple-import-sort/imports

src/lib/networks.js
  Line 1:1:   Run autofix to sort these imports!  simple-import-sort/imports
  Line 12:1:  Run autofix to sort these exports!  simple-import-sort/exports

src/lib/overrides.js
  Line 1:1:  Run autofix to sort these imports!  simple-import-sort/imports

Search for the keywords to learn more about each warning.
To ignore, add // eslint-disable-next-line to the line before.

Compiling...
Compiled with warnings.

src/components/common/Footer.jsx
  Line 1:1:   Run autofix to sort these imports!           simple-import-sort/imports
  Line 3:10:  'GithubIcon' is defined but never used       no-unused-vars
  Line 4:10:  'GnosisChainIcon' is defined but never used  no-unused-vars

src/hooks/useTokenDisabled.jsx
  Line 1:1:  Run autofix to sort these imports!  simple-import-sort/imports

src/lib/helpers.js
  Line 1:1:  Run autofix to sort these imports!  simple-import-sort/imports

src/lib/networks.js
  Line 1:1:   Run autofix to sort these imports!  simple-import-sort/imports
  Line 12:1:  Run autofix to sort these exports!  simple-import-sort/exports

src/lib/overrides.js
  Line 1:1:  Run autofix to sort these imports!  simple-import-sort/imports

Search for the keywords to learn more about each warning.
To ignore, add // eslint-disable-next-line to the line before.

yarn run v1.22.19
$ PORT=2000 react-scripts start
[34mℹ[39m [90m｢wds｣[39m: Project is running at http://0.0.0.0:2000/
[34mℹ[39m [90m｢wds｣[39m: webpack output is served from 
[34mℹ[39m [90m｢wds｣[39m: Content not from webpack is served from /root/omnibridge-ui/packages/dapp/public
[34mℹ[39m [90m｢wds｣[39m: 404s will fallback to /
Starting the development server...

Compiled with warnings.

src/components/common/Layout.jsx
  Line 5:10:  'TermsOfServiceModal' is defined but never used  no-unused-vars

Search for the keywords to learn more about each warning.
To ignore, add // eslint-disable-next-line to the line before.

Compiling...
Compiled with warnings.

src/components/bridge/ToToken.jsx
  Line 10:10:  'Logo' is defined but never used  no-unused-vars

src/components/common/Layout.jsx
  Line 5:10:  'TermsOfServiceModal' is defined but never used  no-unused-vars

Search for the keywords to learn more about each warning.
To ignore, add // eslint-disable-next-line to the line before.

Compiling...
Compiled with warnings.

src/components/common/Layout.jsx
  Line 5:10:  'TermsOfServiceModal' is defined but never used  no-unused-vars

Search for the keywords to learn more about each warning.
To ignore, add // eslint-disable-next-line to the line before.

Compiling...
Compiled with warnings.

src/components/common/Layout.jsx
  Line 5:10:  'TermsOfServiceModal' is defined but never used  no-unused-vars

Search for the keywords to learn more about each warning.
To ignore, add // eslint-disable-next-line to the line before.

Compiling...
Compiled with warnings.

src/components/common/Layout.jsx
  Line 5:10:  'TermsOfServiceModal' is defined but never used  no-unused-vars

Search for the keywords to learn more about each warning.
To ignore, add // eslint-disable-next-line to the line before.

Compiling...
Compiled with warnings.

src/components/common/Layout.jsx
  Line 5:10:  'TermsOfServiceModal' is defined but never used  no-unused-vars

src/components/common/Logo.jsx
  Line 1:1:  Run autofix to sort these imports!  simple-import-sort/imports

Search for the keywords to learn more about each warning.
To ignore, add // eslint-disable-next-line to the line before.

Compiling...
Compiled with warnings.

src/components/common/Layout.jsx
  Line 5:10:  'TermsOfServiceModal' is defined but never used  no-unused-vars

src/components/common/Logo.jsx
  Line 1:1:  Run autofix to sort these imports!  simple-import-sort/imports

Search for the keywords to learn more about each warning.
To ignore, add // eslint-disable-next-line to the line before.

Compiling...
Compiled with warnings.

src/components/common/Layout.jsx
  Line 5:10:  'TermsOfServiceModal' is defined but never used  no-unused-vars

src/components/common/Logo.jsx
  Line 1:1:  Run autofix to sort these imports!  simple-import-sort/imports

Search for the keywords to learn more about each warning.
To ignore, add // eslint-disable-next-line to the line before.

Compiling...
Failed to compile.

src/components/common/Logo.jsx
  Line 17:3:  Expected exception block, space or tab after '//' in comment  spaced-comment

Search for the keywords to learn more about each error.
Compiling...
Compiled with warnings.

src/components/common/Layout.jsx
  Line 5:10:  'TermsOfServiceModal' is defined but never used  no-unused-vars

src/components/common/Logo.jsx
  Line 1:1:  Run autofix to sort these imports!   simple-import-sort/imports
  Line 5:8:  'PRMLogo' is defined but never used  no-unused-vars

Search for the keywords to learn more about each warning.
To ignore, add // eslint-disable-next-line to the line before.

Compiling...
Compiled with warnings.

src/components/common/Layout.jsx
  Line 5:10:  'TermsOfServiceModal' is defined but never used  no-unused-vars

src/components/common/Logo.jsx
  Line 1:1:  Run autofix to sort these imports!   simple-import-sort/imports
  Line 5:8:  'PRMLogo' is defined but never used  no-unused-vars

Search for the keywords to learn more about each warning.
To ignore, add // eslint-disable-next-line to the line before.

Compiling...
Compiled with warnings.

src/components/common/Layout.jsx
  Line 5:10:  'TermsOfServiceModal' is defined but never used  no-unused-vars

src/components/common/Logo.jsx
  Line 1:1:  Run autofix to sort these imports!  simple-import-sort/imports

Search for the keywords to learn more about each warning.
To ignore, add // eslint-disable-next-line to the line before.

yarn run v1.22.19
$ PORT=2000 react-scripts start
Something is already running on port 2000.
Done in 2.84s.
Compiling...
Compiled with warnings.

src/components/common/Layout.jsx
  Line 5:10:  'TermsOfServiceModal' is defined but never used  no-unused-vars

src/components/common/Logo.jsx
  Line 1:1:  Run autofix to sort these imports!  simple-import-sort/imports

Search for the keywords to learn more about each warning.
To ignore, add // eslint-disable-next-line to the line before.

yarn run v1.22.19
$ PORT=2000 react-scripts start
Something is already running on port 2000.
Done in 2.14s.
